<?xml version="1.0" encoding="UTF-8"?>
<testsuite xmlns:xsi="http://www.w3.org/2001/XMLSchema-instance" xsi:noNamespaceSchemaLocation="https://maven.apache.org/surefire/maven-surefire-plugin/xsd/surefire-test-report-3.0.xsd" version="3.0" name="com.mycompany.mychatapp.MessageTest" time="0.265" tests="14" errors="0" skipped="0" failures="0">
  <properties>
[...]
</properties>
  <testcase name="testCheckMessageID_generatedID_isExactly10Chars" classname="com.mycompany.mychatapp.MessageTest" time="0.065"/>
  <testcase name="testCheckRecipientCell_validNumber_returnsSuccess" classname="com.mycompany.mychatapp.MessageTest" time="0.01"/>
  <testcase name="testCreateMessageHash_multipleMessages_loopTest" classname="com.mycompany.mychatapp.MessageTest" time="0.009"/>
  <testcase name="testCheckMessageLength_over250chars_returnsFailureWithCount" classname="com.mycompany.mychatapp.MessageTest" time="0.007"/>
  <testcase name="testCheckMessageLength_validMessage_returnsSuccess" classname="com.mycompany.mychatapp.MessageTest" time="0.005"/>
  <testcase name="testCheckRecipientCell_invalidNumber_returnsFailure" classname="com.mycompany.mychatapp.MessageTest" time="0.008"/>
  <testcase name="testCreateMessageHash_isUppercase" classname="com.mycompany.mychatapp.MessageTest" time="0.002"/>
  <testcase name="testSentMessage_userSelectsDisregard_returnsCorrectString" classname="com.mycompany.mychatapp.MessageTest" time="0.003"/>
  <testcase name="testCheckMessageID_generatedID_isNotNull" classname="com.mycompany.mychatapp.MessageTest" time="0.013"/>
  <testcase name="testCheckMessageLength_exactlyAtLimit_returnsSuccess" classname="com.mycompany.mychatapp.MessageTest" time="0.004"/>
  <testcase name="testSentMessage_userSelectsSend_returnsCorrectString" classname="com.mycompany.mychatapp.MessageTest" time="0.002"/>
  <testcase name="testCreateMessageHash_correctFormat_endsWithExpectedWords" classname="com.mycompany.mychatapp.MessageTest" time="0.002"/>
  <testcase name="testSentMessage_userSelectsStore_returnsCorrectString" classname="com.mycompany.mychatapp.MessageTest" time="0.002"/>
  <testcase name="testCheckMessageLength_oneOver_returnsFailureWithCountOf1" classname="com.mycompany.mychatapp.MessageTest" time="0.003"/>
</testsuite>